<?xml version="1.0" encoding="UTF-8"?>
<testsuite name="MainKtTest" tests="1" skipped="0" failures="0" errors="0" timestamp="2021-01-12T10:49:57" hostname="LAPTOP-JNTBMR84" time="0.006">
  <properties/>
  <testcase name="calculateCommission_forMasterCard" classname="MainKtTest" time="0.006"/>
  <system-out><![CDATA[]]></system-out>
  <system-err><![CDATA[]]></system-err>
</testsuite>
